\BOOKMARK [1][-]{section.1}{\376\377\000I\000n\000h\000a\000l\000t\000s\000v\000e\000r\000z\000e\000i\000c\000h\000n\000i\000s}{}% 1
\BOOKMARK [1][-]{section.2}{\376\377\000L\000i\000t\000e\000r\000a\000t\000u\000r\000v\000e\000r\000z\000e\000i\000c\000h\000n\000i\000s}{}% 2
\BOOKMARK [1][-]{section.3}{\376\377\000E\000i\000n\000l\000e\000i\000t\000u\000n\000g}{}% 3
\BOOKMARK [2][-]{subsection.3.1}{\376\377\000E\000i\000n\000f\000\374\000h\000r\000u\000n\000g\000\040\000i\000n\000\040\000d\000a\000s\000\040\000T\000h\000e\000m\000a\000\040\000u\000n\000d\000\040\000s\000e\000i\000n\000e\000\040\000B\000e\000d\000e\000u\000t\000u\000n\000g}{section.3}% 4
\BOOKMARK [2][-]{subsection.3.2}{\376\377\000G\000l\000i\000e\000d\000e\000r\000u\000n\000g\000\040\000u\000n\000d\000\040\000Z\000i\000e\000l\000s\000e\000t\000z\000u\000n\000g\000\040\000d\000e\000r\000\040\000A\000r\000b\000e\000i\000t}{section.3}% 5
\BOOKMARK [1][-]{section.4}{\376\377\000W\000h\000i\000s\000t\000l\000e\000b\000l\000o\000w\000i\000n\000g}{}% 6
\BOOKMARK [2][-]{subsection.4.1}{\376\377\000D\000i\000e\000\040\000E\000U\000\040\000W\000h\000i\000s\000t\000l\000e\000b\000l\000o\000w\000e\000r\000\040\000R\000i\000c\000h\000t\000l\000i\000n\000e}{section.4}% 7
\BOOKMARK [3][-]{subsubsection.4.1.1}{\376\377\000D\000e\000f\000i\000n\000i\000t\000i\000o\000n\000\040\000W\000h\000i\000s\000t\000l\000e\000b\000l\000o\000w\000i\000n\000g}{subsection.4.1}% 8
\BOOKMARK [3][-]{subsubsection.4.1.2}{\376\377\000A\000u\000s\000s\000a\000g\000e\000n\000\040\000d\000e\000r\000\040\000E\000U\000-\000W\000h\000i\000s\000t\000l\000e\000b\000l\000o\000w\000e\000r\000\040\000R\000i\000c\000h\000t\000l\000i\000n\000e}{subsection.4.1}% 9
\BOOKMARK [4][-]{paragraph.4.1.2.1}{\376\377\000A\000n\000w\000e\000n\000d\000u\000n\000g\000s\000b\000e\000r\000e\000i\000c\000h\000\040\000d\000e\000r\000\040\000R\000i\000c\000h\000t\000l\000i\000n\000i\000e}{subsubsection.4.1.2}% 10
\BOOKMARK [4][-]{paragraph.4.1.2.2}{\376\377\000V\000o\000r\000a\000u\000s\000s\000e\000t\000z\000u\000n\000g\000e\000n\000\040\000f\000\374\000r\000\040\000d\000e\000n\000\040\000S\000c\000h\000u\000t\000z}{subsubsection.4.1.2}% 11
\BOOKMARK [4][-]{paragraph.4.1.2.3}{\376\377\000S\000c\000h\000u\000t\000z\000m\000a\000\337\000n\000a\000h\000m\000e\000n}{subsubsection.4.1.2}% 12
\BOOKMARK [4][-]{paragraph.4.1.2.4}{\376\377\000M\000e\000l\000d\000e\000w\000e\000g\000e}{subsubsection.4.1.2}% 13
\BOOKMARK [3][-]{subsubsection.4.1.3}{\376\377\000B\000e\000e\000i\000n\000f\000l\000u\000s\000s\000u\000n\000g\000\040\000d\000e\000r\000\040\000V\000e\000r\000a\000b\000s\000c\000h\000i\000e\000d\000u\000n\000g\000\040\000d\000u\000r\000c\000h\000\040\000E\000n\000t\000w\000i\000c\000k\000l\000u\000n\000g\000e\000n\000\040\000i\000n\000\040\000d\000e\000n\000\040\000U\000S\000A}{subsection.4.1}% 14
\BOOKMARK [2][-]{subsection.4.2}{\376\377\000M\000i\000t\000\040\000d\000e\000m\000\040\000W\000h\000i\000s\000t\000l\000e\000b\000l\000o\000w\000i\000n\000g\000\040\000v\000e\000r\000b\000u\000n\000d\000e\000n\000\040\000H\000e\000r\000a\000u\000s\000f\000o\000r\000d\000e\000r\000u\000n\000g\000e\000n}{section.4}% 15
\BOOKMARK [3][-]{subsubsection.4.2.1}{\376\377\000A\000r\000b\000e\000i\000t\000r\000e\000c\000h\000t\000l\000i\000c\000h\000e\000\040\000H\000e\000r\000a\000u\000s\000f\000o\000r\000d\000e\000r\000u\000n\000g\000e\000n}{subsection.4.2}% 16
\BOOKMARK [3][-]{subsubsection.4.2.2}{\376\377\000D\000a\000t\000e\000n\000r\000e\000c\000h\000t\000l\000i\000c\000h\000e\000\040\000H\000e\000r\000a\000u\000s\000f\000o\000r\000d\000e\000r\000u\000n\000g\000e\000n}{subsection.4.2}% 17
\BOOKMARK [3][-]{subsubsection.4.2.3}{\376\377\000S\000t\000r\000a\000f\000r\000e\000c\000h\000t\000l\000i\000c\000h\000e\000\040\000H\000e\000r\000a\000u\000s\000f\000o\000r\000d\000e\000r\000u\000n\000g\000e\000n}{subsection.4.2}% 18
\BOOKMARK [2][-]{subsection.4.3}{\376\377\000E\000i\000g\000n\000u\000n\000g\000\040\000d\000e\000s\000\040\000W\000h\000i\000s\000t\000l\000e\000b\000l\000o\000w\000i\000n\000g\000s\000\040\000z\000u\000r\000\040\000V\000e\000r\000h\000i\000n\000d\000e\000r\000u\000n\000g\000\040\000v\000o\000n\000\040\000S\000t\000r\000a\000f\000t\000a\000t\000e\000n\000\040\000i\000n\000n\000e\000r\000h\000a\000l\000b\000\040\000e\000i\000n\000e\000s\000\040\000U\000n\000t\000e\000r\000n\000e\000h\000m\000e\000n\000s}{section.4}% 19
\BOOKMARK [1][-]{section.5}{\376\377\000F\000a\000z\000i\000t}{}% 20
